<?xml version="1.0" encoding="UTF-8"?>
<!-- Generated by org.testng.reporters.JUnitXMLReporter -->
<testsuite ignored="0" hostname="Swapnil" failures="0" tests="6" name="Default test" time="61.457" errors="0" timestamp="2022-12-07T12:17:02 IST">
  <testcase classname="TestLayer.SearchBusesTest" name="setup" time="4.008"/>
  <testcase classname="TestLayer.SearchBusesTest" name="searchBuses" time="1.282"/>
  <testcase classname="TestLayer.SearchBusesTest" name="selectDate" time="0.107"/>
  <testcase classname="TestLayer.SearchBusesTest" name="search" time="0.117"/>
  <testcase classname="TestLayer.SearchBusesTest" name="buses" time="1.481"/>
  <testcase classname="TestLayer.SearchBusesTest" name="busesName" time="54.396"/>
</testsuite> <!-- Default test -->
