<?xml version="1.0" encoding="UTF-8"?>
<testng-results ignored="0" total="7" passed="6" failed="1" skipped="0">
  <reporter-output>
  </reporter-output>
  <suite started-at="2022-12-12T17:12:23 IST" name="BusesResult" finished-at="2022-12-12T17:12:41 IST" duration-ms="17534">
    <groups>
      <group name="searchbuses">
        <method signature="SearchBusesTest.search()[pri:4, instance:TestLayer.SearchBusesTest@384ad17b]" name="search" class="TestLayer.SearchBusesTest"/>
        <method signature="SearchBusesTest.searchBuses()[pri:2, instance:TestLayer.SearchBusesTest@384ad17b]" name="searchBuses" class="TestLayer.SearchBusesTest"/>
        <method signature="SearchBusesTest.selectDate()[pri:3, instance:TestLayer.SearchBusesTest@384ad17b]" name="selectDate" class="TestLayer.SearchBusesTest"/>
        <method signature="SearchBusesTest.setup()[pri:1, instance:TestLayer.SearchBusesTest@384ad17b]" name="setup" class="TestLayer.SearchBusesTest"/>
      </group> <!-- searchbuses -->
      <group name="endtoend">
        <method signature="SearchBusesTest.search()[pri:4, instance:TestLayer.SearchBusesTest@384ad17b]" name="search" class="TestLayer.SearchBusesTest"/>
        <method signature="SearchBusesTest.searchBuses()[pri:2, instance:TestLayer.SearchBusesTest@384ad17b]" name="searchBuses" class="TestLayer.SearchBusesTest"/>
        <method signature="SearchBusesTest.selectDate()[pri:3, instance:TestLayer.SearchBusesTest@384ad17b]" name="selectDate" class="TestLayer.SearchBusesTest"/>
        <method signature="SearchBusesTest.setup()[pri:1, instance:TestLayer.SearchBusesTest@384ad17b]" name="setup" class="TestLayer.SearchBusesTest"/>
      </group> <!-- endtoend -->
    </groups>
    <test started-at="2022-12-12T17:12:23 IST" name="BusesResult" finished-at="2022-12-12T17:12:41 IST" duration-ms="17534">
      <class name="TestLayer.SelectSeatTest">
        <test-method signature="click_on_view_seat()[pri:1, instance:TestLayer.SelectSeatTest@1a451d4d]" started-at="2022-12-12T17:12:35 IST" name="click_on_view_seat" finished-at="2022-12-12T17:12:36 IST" duration-ms="1645" status="PASS">
          <reporter-output>
          </reporter-output>
        </test-method> <!-- click_on_view_seat -->
        <test-method signature="click_on_select_seat()[pri:2, instance:TestLayer.SelectSeatTest@1a451d4d]" started-at="2022-12-12T17:12:37 IST" name="click_on_select_seat" finished-at="2022-12-12T17:12:37 IST" duration-ms="661" status="PASS">
          <reporter-output>
          </reporter-output>
        </test-method> <!-- click_on_select_seat -->
      </class> <!-- TestLayer.SelectSeatTest -->
      <class name="TestLayer.BordingAndDroppingTest">
        <test-method signature="BordingDroping()[pri:1, instance:TestLayer.BordingAndDroppingTest@4afcd809]" started-at="2022-12-12T17:12:37 IST" name="BordingDroping" finished-at="2022-12-12T17:12:40 IST" duration-ms="3015" status="FAIL">
          <exception class="java.lang.NullPointerException">
            <message>
              <![CDATA[Cannot invoke "org.openqa.selenium.SearchContext.findElement(org.openqa.selenium.By)" because "this.searchContext" is null]]>
            </message>
            <full-stacktrace>
              <![CDATA[java.lang.NullPointerException: Cannot invoke "org.openqa.selenium.SearchContext.findElement(org.openqa.selenium.By)" because "this.searchContext" is null
at org.openqa.selenium.support.pagefactory.DefaultElementLocator.findElement(DefaultElementLocator.java:70)
at org.openqa.selenium.support.pagefactory.internal.LocatingElementHandler.invoke(LocatingElementHandler.java:39)
at jdk.proxy2/jdk.proxy2.$Proxy10.getWrappedElement(Unknown Source)
at org.openqa.selenium.remote.internal.WebElementToJsonConverter.apply(WebElementToJsonConverter.java:51)
at java.base/java.util.stream.ReferencePipeline$3$1.accept(ReferencePipeline.java:197)
at java.base/java.util.Spliterators$ArraySpliterator.forEachRemaining(Spliterators.java:1006)
at java.base/java.util.stream.AbstractPipeline.copyInto(AbstractPipeline.java:509)
at java.base/java.util.stream.AbstractPipeline.wrapAndCopyInto(AbstractPipeline.java:499)
at java.base/java.util.stream.ReduceOps$ReduceOp.evaluateSequential(ReduceOps.java:921)
at java.base/java.util.stream.AbstractPipeline.evaluate(AbstractPipeline.java:234)
at java.base/java.util.stream.ReferencePipeline.collect(ReferencePipeline.java:682)
at org.openqa.selenium.remote.RemoteWebDriver.executeScript(RemoteWebDriver.java:474)
at UtilsLayer.JavascriptExecutorMethods.clickOnElement(JavascriptExecutorMethods.java:18)
at PageLayer.BordingAndDroppingpage.bordingPoint(BordingAndDroppingpage.java:33)
at TestLayer.BordingAndDroppingTest.BordingDroping(BordingAndDroppingTest.java:15)
at java.base/jdk.internal.reflect.DirectMethodHandleAccessor.invoke(DirectMethodHandleAccessor.java:104)
at java.base/java.lang.reflect.Method.invoke(Method.java:578)
at org.testng.internal.MethodInvocationHelper.invokeMethod(MethodInvocationHelper.java:133)
at org.testng.internal.TestInvoker.invokeMethod(TestInvoker.java:598)
at org.testng.internal.TestInvoker.invokeTestMethod(TestInvoker.java:173)
at org.testng.internal.MethodRunner.runInSequence(MethodRunner.java:46)
at org.testng.internal.TestInvoker$MethodInvocationAgent.invoke(TestInvoker.java:824)
at org.testng.internal.TestInvoker.invokeTestMethods(TestInvoker.java:146)
at org.testng.internal.TestMethodWorker.invokeTestMethods(TestMethodWorker.java:146)
at org.testng.internal.TestMethodWorker.run(TestMethodWorker.java:128)
at java.base/java.util.ArrayList.forEach(ArrayList.java:1511)
at org.testng.TestRunner.privateRun(TestRunner.java:794)
at org.testng.TestRunner.run(TestRunner.java:596)
at org.testng.SuiteRunner.runTest(SuiteRunner.java:377)
at org.testng.SuiteRunner.runSequentially(SuiteRunner.java:371)
at org.testng.SuiteRunner.privateRun(SuiteRunner.java:332)
at org.testng.SuiteRunner.run(SuiteRunner.java:276)
at org.testng.SuiteRunnerWorker.runSuite(SuiteRunnerWorker.java:53)
at org.testng.SuiteRunnerWorker.run(SuiteRunnerWorker.java:96)
at org.testng.TestNG.runSuitesSequentially(TestNG.java:1212)
at org.testng.TestNG.runSuitesLocally(TestNG.java:1134)
at org.testng.TestNG.runSuites(TestNG.java:1063)
at org.testng.TestNG.run(TestNG.java:1031)
at org.testng.remote.AbstractRemoteTestNG.run(AbstractRemoteTestNG.java:115)
at org.testng.remote.RemoteTestNG.initAndRun(RemoteTestNG.java:251)
at org.testng.remote.RemoteTestNG.main(RemoteTestNG.java:77)
]]>
            </full-stacktrace>
          </exception> <!-- java.lang.NullPointerException -->
          <reporter-output>
          </reporter-output>
        </test-method> <!-- BordingDroping -->
      </class> <!-- TestLayer.BordingAndDroppingTest -->
      <class name="TestLayer.SearchBusesTest">
        <test-method signature="setup()[pri:1, instance:TestLayer.SearchBusesTest@384ad17b]" started-at="2022-12-12T17:12:24 IST" name="setup" finished-at="2022-12-12T17:12:31 IST" duration-ms="7049" status="PASS">
          <reporter-output>
          </reporter-output>
        </test-method> <!-- setup -->
        <test-method signature="searchBuses()[pri:2, instance:TestLayer.SearchBusesTest@384ad17b]" started-at="2022-12-12T17:12:31 IST" name="searchBuses" finished-at="2022-12-12T17:12:32 IST" duration-ms="1243" status="PASS">
          <reporter-output>
          </reporter-output>
        </test-method> <!-- searchBuses -->
        <test-method signature="selectDate()[pri:3, instance:TestLayer.SearchBusesTest@384ad17b]" started-at="2022-12-12T17:12:33 IST" name="selectDate" finished-at="2022-12-12T17:12:33 IST" duration-ms="114" status="PASS">
          <reporter-output>
          </reporter-output>
        </test-method> <!-- selectDate -->
        <test-method signature="search()[pri:4, instance:TestLayer.SearchBusesTest@384ad17b]" started-at="2022-12-12T17:12:33 IST" name="search" finished-at="2022-12-12T17:12:33 IST" duration-ms="81" status="PASS">
          <reporter-output>
          </reporter-output>
        </test-method> <!-- search -->
      </class> <!-- TestLayer.SearchBusesTest -->
    </test> <!-- BusesResult -->
  </suite> <!-- BusesResult -->
</testng-results>
